i:\downloads\post 2 - md5 loader\post 2 - md5 loader\md5class\debug\md5load.obj
i:\downloads\post 2 - md5 loader\post 2 - md5 loader\md5class\debug\main.obj
i:\downloads\post 2 - md5 loader\post 2 - md5 loader\md5class\debug\vc110.pdb
i:\downloads\post 2 - md5 loader\post 2 - md5 loader\debug\hero duel ar game.ilk
i:\downloads\post 2 - md5 loader\post 2 - md5 loader\debug\hero duel ar game.exe
i:\downloads\post 2 - md5 loader\post 2 - md5 loader\debug\hero duel ar game.pdb
c:\users\tom\documents\group-01---comp-games-lab\hero duel- model loader\md5class\debug\vc120.pdb
c:\users\tom\documents\group-01---comp-games-lab\hero duel- model loader\md5class\debug\vc120.idb
c:\users\tom\documents\group-01---comp-games-lab\hero duel- model loader\md5class\debug\md5load.obj
c:\users\tom\documents\group-01---comp-games-lab\hero duel- model loader\md5class\debug\main.obj
c:\users\tom\documents\group-01---comp-games-lab\hero duel- model loader\md5class\debug\cl.command.1.tlog
c:\users\tom\documents\group-01---comp-games-lab\hero duel- model loader\md5class\debug\cl.read.1.tlog
c:\users\tom\documents\group-01---comp-games-lab\hero duel- model loader\md5class\debug\cl.write.1.tlog
c:\users\tom\documents\group-01---comp-games-lab\hero duel- model loader\md5class\debug\link-cvtres.read.1.tlog
c:\users\tom\documents\group-01---comp-games-lab\hero duel- model loader\md5class\debug\link-cvtres.write.1.tlog
c:\users\tom\documents\group-01---comp-games-lab\hero duel- model loader\md5class\debug\link-rc.read.1.tlog
c:\users\tom\documents\group-01---comp-games-lab\hero duel- model loader\md5class\debug\link-rc.write.1.tlog
c:\users\tom\documents\group-01---comp-games-lab\hero duel- model loader\md5class\debug\link.command.1.tlog
c:\users\tom\documents\group-01---comp-games-lab\hero duel- model loader\md5class\debug\link.read.1.tlog
c:\users\tom\documents\group-01---comp-games-lab\hero duel- model loader\md5class\debug\link.write.1.tlog
c:\users\tom\documents\group-01---comp-games-lab\hero duel- model loader\md5class\debug\vc110.idb
c:\users\tom\documents\group-01---comp-games-lab\hero duel- model loader\md5class\debug\vc110.pdb
c:\users\tom\documents\group-01---comp-games-lab\hero duel- model loader\debug\hero duel ar game.pdb
c:\users\tom\documents\group-01---comp-games-lab\hero duel- model loader\md5class\debug\hero due.064dc72c.tlog\cl.command.1.tlog
c:\users\tom\documents\group-01---comp-games-lab\hero duel- model loader\md5class\debug\hero due.064dc72c.tlog\cl.read.1.tlog
c:\users\tom\documents\group-01---comp-games-lab\hero duel- model loader\md5class\debug\hero due.064dc72c.tlog\cl.write.1.tlog
c:\users\tom\documents\group-01---comp-games-lab\hero duel- model loader\md5class\debug\hero due.064dc72c.tlog\link-cvtres.read.1.tlog
c:\users\tom\documents\group-01---comp-games-lab\hero duel- model loader\md5class\debug\hero due.064dc72c.tlog\link-cvtres.write.1.tlog
c:\users\tom\documents\group-01---comp-games-lab\hero duel- model loader\md5class\debug\hero due.064dc72c.tlog\link-rc.read.1.tlog
c:\users\tom\documents\group-01---comp-games-lab\hero duel- model loader\md5class\debug\hero due.064dc72c.tlog\link-rc.write.1.tlog
c:\users\tom\documents\group-01---comp-games-lab\hero duel- model loader\md5class\debug\hero due.064dc72c.tlog\link.command.1.tlog
c:\users\tom\documents\group-01---comp-games-lab\hero duel- model loader\md5class\debug\hero due.064dc72c.tlog\link.read.1.tlog
c:\users\tom\documents\group-01---comp-games-lab\hero duel- model loader\md5class\debug\hero due.064dc72c.tlog\link.write.1.tlog
