I:\SOURCE REPOSITORY\COMPUTER GAMES LAB\HERO DUEL- MODEL LOADER\HERO DUEL AR GAME\DEBUG\SOUNDEFFECT.OBJ
I:\SOURCE REPOSITORY\COMPUTER GAMES LAB\HERO DUEL- MODEL LOADER\HERO DUEL AR GAME\DEBUG\MTL.OBJ
I:\SOURCE REPOSITORY\COMPUTER GAMES LAB\HERO DUEL- MODEL LOADER\HERO DUEL AR GAME\DEBUG\MD5LOAD.OBJ
I:\SOURCE REPOSITORY\COMPUTER GAMES LAB\HERO DUEL- MODEL LOADER\HERO DUEL AR GAME\DEBUG\MAIN.OBJ
I:\SOURCE REPOSITORY\COMPUTER GAMES LAB\HERO DUEL- MODEL LOADER\HERO DUEL AR GAME\DEBUG\LOADER.OBJ
I:\SOURCE REPOSITORY\COMPUTER GAMES LAB\HERO DUEL- MODEL LOADER\HERO DUEL AR GAME\DEBUG\VC110.PDB
I:\Source Repository\Computer Games Lab\Hero Duel- Model Loader\Hero Duel AR Game\Debug\Loader.obj
I:\Source Repository\Computer Games Lab\Hero Duel- Model Loader\Hero Duel AR Game\Debug\main.obj
I:\Source Repository\Computer Games Lab\Hero Duel- Model Loader\Hero Duel AR Game\Debug\md5load.obj
I:\Source Repository\Computer Games Lab\Hero Duel- Model Loader\Hero Duel AR Game\Debug\MTL.obj
I:\Source Repository\Computer Games Lab\Hero Duel- Model Loader\Hero Duel AR Game\Debug\soundeffect.obj
I:\Source Repository\Computer Games Lab\Hero Duel- Model Loader\Hero Duel AR Game\Debug\cl.command.1.tlog
I:\Source Repository\Computer Games Lab\Hero Duel- Model Loader\Hero Duel AR Game\Debug\CL.read.1.tlog
I:\Source Repository\Computer Games Lab\Hero Duel- Model Loader\Hero Duel AR Game\Debug\CL.write.1.tlog
I:\Source Repository\Computer Games Lab\Hero Duel- Model Loader\Hero Duel AR Game\Debug\link-cvtres.read.1.tlog
I:\Source Repository\Computer Games Lab\Hero Duel- Model Loader\Hero Duel AR Game\Debug\link-cvtres.write.1.tlog
I:\Source Repository\Computer Games Lab\Hero Duel- Model Loader\Hero Duel AR Game\Debug\link-rc.read.1.tlog
I:\Source Repository\Computer Games Lab\Hero Duel- Model Loader\Hero Duel AR Game\Debug\link-rc.write.1.tlog
I:\Source Repository\Computer Games Lab\Hero Duel- Model Loader\Hero Duel AR Game\Debug\link.command.1.tlog
I:\Source Repository\Computer Games Lab\Hero Duel- Model Loader\Hero Duel AR Game\Debug\link.read.1.tlog
I:\Source Repository\Computer Games Lab\Hero Duel- Model Loader\Hero Duel AR Game\Debug\link.write.1.tlog
I:\Source Repository\Computer Games Lab\Hero Duel- Model Loader\Hero Duel AR Game\Debug\vc110.idb
I:\Source Repository\Computer Games Lab\Hero Duel- Model Loader\Hero Duel AR Game\Debug\vc110.pdb
I:\Source Repository\Computer Games Lab\Hero Duel- Model Loader\Debug\Hero Duel AR Game.pdb
