c:\source repository\sourcetree\comp games lab\final project - model loader with ar\arapplication\arapplication\release\vc120.pdb
c:\source repository\sourcetree\comp games lab\final project - model loader with ar\arapplication\arapplication\release\soundeffect.obj
c:\source repository\sourcetree\comp games lab\final project - model loader with ar\arapplication\arapplication\release\particles.obj
c:\source repository\sourcetree\comp games lab\final project - model loader with ar\arapplication\arapplication\release\main.obj
c:\source repository\sourcetree\comp games lab\final project - model loader with ar\arapplication\arapplication\release\objload.obj
c:\source repository\sourcetree\comp games lab\final project - model loader with ar\arapplication\arapplication\release\model_obj.obj
c:\source repository\sourcetree\comp games lab\final project - model loader with ar\arapplication\arapplication\release\menutextures.obj
c:\source repository\sourcetree\comp games lab\final project - model loader with ar\arapplication\arapplication\release\md5load.obj
c:\source repository\sourcetree\comp games lab\final project - model loader with ar\arapplication\arapplication\release\gamestate.obj
c:\source repository\sourcetree\comp games lab\final project - model loader with ar\arapplication\arapplication\release\freetype.obj
c:\source repository\sourcetree\comp games lab\final project - model loader with ar\arapplication\arapplication\release\card.obj
c:\source repository\sourcetree\comp games lab\final project - model loader with ar\arapplication\arapplication\release\bitmap.obj
c:\source repository\sourcetree\comp games lab\final project - model loader with ar\arapplication\release\arapplication.exe
c:\source repository\sourcetree\comp games lab\final project - model loader with ar\arapplication\release\arapplication.pdb
c:\source repository\sourcetree\comp games lab\final project - model loader with ar\arapplication\arapplication\release\arapplication.tlog\cl.command.1.tlog
c:\source repository\sourcetree\comp games lab\final project - model loader with ar\arapplication\arapplication\release\arapplication.tlog\cl.read.1.tlog
c:\source repository\sourcetree\comp games lab\final project - model loader with ar\arapplication\arapplication\release\arapplication.tlog\cl.write.1.tlog
c:\source repository\sourcetree\comp games lab\final project - model loader with ar\arapplication\arapplication\release\arapplication.tlog\link.command.1.tlog
c:\source repository\sourcetree\comp games lab\final project - model loader with ar\arapplication\arapplication\release\arapplication.tlog\link.read.1.tlog
c:\source repository\sourcetree\comp games lab\final project - model loader with ar\arapplication\arapplication\release\arapplication.tlog\link.write.1.tlog
