I:\DOWNLOADS\DIDDLES\ARTOOLKIT-2.72.1-BIN-WIN32\ARTOOLKIT\LIB\SRC\GL\DEBUG\LIBARGSUB.BSC
I:\DOWNLOADS\DIDDLES\ARTOOLKIT-2.72.1-BIN-WIN32\ARTOOLKIT\LIB\SRC\GL\DEBUG\LIBARGSUB_LITE.BSC
I:\DOWNLOADS\DIDDLES\ARTOOLKIT-2.72.1-BIN-WIN32\ARTOOLKIT\LIB\SRC\GL\DEBUG\GSUB.SBR
I:\DOWNLOADS\DIDDLES\ARTOOLKIT-2.72.1-BIN-WIN32\ARTOOLKIT\LIB\SRC\GL\DEBUG\GSUB.OBJ
I:\DOWNLOADS\DIDDLES\ARTOOLKIT-2.72.1-BIN-WIN32\ARTOOLKIT\LIB\SRC\GL\DEBUG\VC110.PDB
I:\DOWNLOADS\DIDDLES\ARTOOLKIT-2.72.1-BIN-WIN32\ARTOOLKIT\LIB\SRC\GL\DEBUG\GSUB_LITE.SBR
I:\DOWNLOADS\DIDDLES\ARTOOLKIT-2.72.1-BIN-WIN32\ARTOOLKIT\LIB\SRC\GL\DEBUG\GSUB_LITE.OBJ
I:\DOWNLOADS\DIDDLES\ARTOOLKIT-2.72.1-BIN-WIN32\ARTOOLKIT\LIB\LIBARGSUBD.LIB
I:\DOWNLOADS\DIDDLES\ARTOOLKIT-2.72.1-BIN-WIN32\ARTOOLKIT\LIB\LIBARGSUB_LITED.LIB
I:\Downloads\diddles\ARToolKit-2.72.1-bin-win32\ARToolKit\lib\SRC\Gl\Debug\gsub.obj
I:\Downloads\diddles\ARToolKit-2.72.1-bin-win32\ARToolKit\lib\SRC\Gl\Debug\gsubUtil.obj
I:\Downloads\diddles\ARToolKit-2.72.1-bin-win32\ARToolKit\lib\SRC\Gl\Debug\gsub_lite.obj
I:\Downloads\diddles\ARToolKit-2.72.1-bin-win32\ARToolKit\lib\SRC\Gl\Debug\BscMake.command.1.tlog
I:\Downloads\diddles\ARToolKit-2.72.1-bin-win32\ARToolKit\lib\SRC\Gl\Debug\bscmake.read.1.tlog
I:\Downloads\diddles\ARToolKit-2.72.1-bin-win32\ARToolKit\lib\SRC\Gl\Debug\bscmake.write.1.tlog
I:\Downloads\diddles\ARToolKit-2.72.1-bin-win32\ARToolKit\lib\SRC\Gl\Debug\cl.command.1.tlog
I:\Downloads\diddles\ARToolKit-2.72.1-bin-win32\ARToolKit\lib\SRC\Gl\Debug\CL.read.1.tlog
I:\Downloads\diddles\ARToolKit-2.72.1-bin-win32\ARToolKit\lib\SRC\Gl\Debug\CL.write.1.tlog
I:\Downloads\diddles\ARToolKit-2.72.1-bin-win32\ARToolKit\lib\SRC\Gl\Debug\Lib-link.read.1.tlog
I:\Downloads\diddles\ARToolKit-2.72.1-bin-win32\ARToolKit\lib\SRC\Gl\Debug\Lib-link.write.1.tlog
I:\Downloads\diddles\ARToolKit-2.72.1-bin-win32\ARToolKit\lib\SRC\Gl\Debug\lib.command.1.tlog
I:\Downloads\diddles\ARToolKit-2.72.1-bin-win32\ARToolKit\lib\SRC\Gl\Debug\vc110.idb
I:\Downloads\diddles\ARToolKit-2.72.1-bin-win32\ARToolKit\lib\SRC\Gl\Debug\vc110.pdb
I:\Downloads\diddles\ARToolKit-2.72.1-bin-win32\ARToolKit\lib\SRC\Gl\Debug\libARgsub.bsc
I:\Downloads\diddles\ARToolKit-2.72.1-bin-win32\ARToolKit\lib\SRC\Gl\Debug\libARgsub_lite.bsc
I:\Downloads\diddles\ARToolKit-2.72.1-bin-win32\ARToolKit\lib\SRC\Gl\Debug\gsub.sbr
I:\Downloads\diddles\ARToolKit-2.72.1-bin-win32\ARToolKit\lib\SRC\Gl\Debug\gsubUtil.sbr
I:\Downloads\diddles\ARToolKit-2.72.1-bin-win32\ARToolKit\lib\SRC\Gl\Debug\gsub_lite.sbr
