i:\files\visual studio 2012 projects\arapplication\arapplication\debug\vc110.pdb
c:\source repository\sourcetree\comp games lab\final project - model loader with ar\arapplication\arapplication\debug\vc120.pdb
c:\source repository\sourcetree\comp games lab\final project - model loader with ar\arapplication\arapplication\debug\vc120.idb
c:\source repository\sourcetree\comp games lab\final project - model loader with ar\arapplication\arapplication\debug\bitmap.obj
c:\source repository\sourcetree\comp games lab\final project - model loader with ar\arapplication\arapplication\debug\card.obj
c:\source repository\sourcetree\comp games lab\final project - model loader with ar\arapplication\arapplication\debug\freetype.obj
c:\source repository\sourcetree\comp games lab\final project - model loader with ar\arapplication\arapplication\debug\gamestate.obj
c:\source repository\sourcetree\comp games lab\final project - model loader with ar\arapplication\arapplication\debug\md5load.obj
c:\source repository\sourcetree\comp games lab\final project - model loader with ar\arapplication\arapplication\debug\menutextures.obj
c:\source repository\sourcetree\comp games lab\final project - model loader with ar\arapplication\arapplication\debug\model_obj.obj
c:\source repository\sourcetree\comp games lab\final project - model loader with ar\arapplication\arapplication\debug\objload.obj
c:\source repository\sourcetree\comp games lab\final project - model loader with ar\arapplication\arapplication\debug\soundeffect.obj
c:\source repository\sourcetree\comp games lab\final project - model loader with ar\arapplication\arapplication\debug\cl.command.1.tlog
c:\source repository\sourcetree\comp games lab\final project - model loader with ar\arapplication\arapplication\debug\cl.read.1.tlog
c:\source repository\sourcetree\comp games lab\final project - model loader with ar\arapplication\arapplication\debug\cl.write.1.tlog
c:\source repository\sourcetree\comp games lab\final project - model loader with ar\arapplication\arapplication\debug\vc110.idb
c:\source repository\sourcetree\comp games lab\final project - model loader with ar\arapplication\arapplication\debug\vc110.pdb
c:\source repository\sourcetree\comp games lab\final project - model loader with ar\arapplication\arapplication\debug\arapplication.tlog\cl.command.1.tlog
c:\source repository\sourcetree\comp games lab\final project - model loader with ar\arapplication\arapplication\debug\arapplication.tlog\cl.read.1.tlog
c:\source repository\sourcetree\comp games lab\final project - model loader with ar\arapplication\arapplication\debug\arapplication.tlog\cl.write.1.tlog
