I:\DOWNLOADS\DIDDLES\ARTOOLKIT-2.72.1-BIN-WIN32\ARTOOLKIT\LIB\SRC\VIDEOWIN32DIRECTSHOW\DEBUG\LIBARVIDEO.BSC
I:\DOWNLOADS\DIDDLES\ARTOOLKIT-2.72.1-BIN-WIN32\ARTOOLKIT\LIB\SRC\VIDEOWIN32DIRECTSHOW\DEBUG\VIDEOWIN32DIRECTSHOW.SBR
I:\DOWNLOADS\DIDDLES\ARTOOLKIT-2.72.1-BIN-WIN32\ARTOOLKIT\LIB\SRC\VIDEOWIN32DIRECTSHOW\DEBUG\VIDEOWIN32DIRECTSHOW.OBJ
I:\DOWNLOADS\DIDDLES\ARTOOLKIT-2.72.1-BIN-WIN32\ARTOOLKIT\LIB\SRC\VIDEOWIN32DIRECTSHOW\DEBUG\VC110.PDB
I:\Downloads\diddles\ARToolKit-2.72.1-bin-win32\ARToolKit\lib\libARvideod.lib
I:\Downloads\diddles\ARToolKit-2.72.1-bin-win32\ARToolKit\lib\libARvideod.exp
I:\DOWNLOADS\DIDDLES\ARTOOLKIT-2.72.1-BIN-WIN32\ARTOOLKIT\BIN\LIBARVIDEOD.ILK
I:\DOWNLOADS\DIDDLES\ARTOOLKIT-2.72.1-BIN-WIN32\ARTOOLKIT\BIN\LIBARVIDEOD.DLL
I:\DOWNLOADS\DIDDLES\ARTOOLKIT-2.72.1-BIN-WIN32\ARTOOLKIT\LIB\SRC\VIDEOWIN32DIRECTSHOW\DEBUG\LIBARVIDEO.PDB
I:\Downloads\diddles\ARToolKit-2.72.1-bin-win32\ARToolKit\lib\SRC\VideoWin32DirectShow\Debug\videoWin32DirectShow.obj
I:\Downloads\diddles\ARToolKit-2.72.1-bin-win32\ARToolKit\lib\SRC\VideoWin32DirectShow\Debug\BscMake.command.1.tlog
I:\Downloads\diddles\ARToolKit-2.72.1-bin-win32\ARToolKit\lib\SRC\VideoWin32DirectShow\Debug\bscmake.read.1.tlog
I:\Downloads\diddles\ARToolKit-2.72.1-bin-win32\ARToolKit\lib\SRC\VideoWin32DirectShow\Debug\bscmake.write.1.tlog
I:\Downloads\diddles\ARToolKit-2.72.1-bin-win32\ARToolKit\lib\SRC\VideoWin32DirectShow\Debug\cl.command.1.tlog
I:\Downloads\diddles\ARToolKit-2.72.1-bin-win32\ARToolKit\lib\SRC\VideoWin32DirectShow\Debug\CL.read.1.tlog
I:\Downloads\diddles\ARToolKit-2.72.1-bin-win32\ARToolKit\lib\SRC\VideoWin32DirectShow\Debug\CL.write.1.tlog
I:\Downloads\diddles\ARToolKit-2.72.1-bin-win32\ARToolKit\lib\SRC\VideoWin32DirectShow\Debug\libARvideo.write.1.tlog
I:\Downloads\diddles\ARToolKit-2.72.1-bin-win32\ARToolKit\lib\SRC\VideoWin32DirectShow\Debug\link-cvtres.read.1.tlog
I:\Downloads\diddles\ARToolKit-2.72.1-bin-win32\ARToolKit\lib\SRC\VideoWin32DirectShow\Debug\link-cvtres.write.1.tlog
I:\Downloads\diddles\ARToolKit-2.72.1-bin-win32\ARToolKit\lib\SRC\VideoWin32DirectShow\Debug\link-rc.read.1.tlog
I:\Downloads\diddles\ARToolKit-2.72.1-bin-win32\ARToolKit\lib\SRC\VideoWin32DirectShow\Debug\link-rc.write.1.tlog
I:\Downloads\diddles\ARToolKit-2.72.1-bin-win32\ARToolKit\lib\SRC\VideoWin32DirectShow\Debug\link.command.1.tlog
I:\Downloads\diddles\ARToolKit-2.72.1-bin-win32\ARToolKit\lib\SRC\VideoWin32DirectShow\Debug\link.read.1.tlog
I:\Downloads\diddles\ARToolKit-2.72.1-bin-win32\ARToolKit\lib\SRC\VideoWin32DirectShow\Debug\link.write.1.tlog
I:\Downloads\diddles\ARToolKit-2.72.1-bin-win32\ARToolKit\lib\SRC\VideoWin32DirectShow\Debug\libARvideo.pdb
I:\Downloads\diddles\ARToolKit-2.72.1-bin-win32\ARToolKit\lib\SRC\VideoWin32DirectShow\Debug\vc110.pdb
I:\Downloads\diddles\ARToolKit-2.72.1-bin-win32\ARToolKit\lib\SRC\VideoWin32DirectShow\Debug\libARvideo.bsc
I:\Downloads\diddles\ARToolKit-2.72.1-bin-win32\ARToolKit\lib\SRC\VideoWin32DirectShow\Debug\videoWin32DirectShow.sbr
