Build started 2/5/2014 10:39:47 PM.
     1>Project "C:\Dropbox\ARApplication\ARApplication\ARApplication.vcxproj" on node 2 (Build target(s)).
     1>ClCompile:
         C:\Program Files (x86)\Microsoft Visual Studio 12.0\VC\bin\CL.exe /c /IC:\Dropbox\ARApplication\ARApplication\\include /IC:\Windows\SysWOW64 /Zi /nologo /W3 /WX- /O2 /Oi /Oy- /GL /D _MBCS /Gm- /EHsc /MD /GS /Gy /fp:precise /Zc:wchar_t /Zc:forScope /Fo"Release\\" /Fd"Release\vc120.pdb" /Gd /TC /analyze- /errorReport:prompt simpleTest.c
         simpleTest.c
     1>simpleTest.c(161): warning C4305: 'initializing' : truncation from 'double' to 'GLfloat'
     1>simpleTest.c(162): warning C4305: 'initializing' : truncation from 'double' to 'GLfloat'
       Link:
         C:\Program Files (x86)\Microsoft Visual Studio 12.0\VC\bin\link.exe /ERRORREPORT:PROMPT /OUT:"C:\Dropbox\ARApplication\Release\ARApplication.exe" /NOLOGO libARd.lib libARgsubd.lib libARvideod.lib opengl32.lib glu32.lib glut32.lib kernel32.lib user32.lib gdi32.lib winspool.lib comdlg32.lib advapi32.lib shell32.lib ole32.lib oleaut32.lib uuid.lib odbc32.lib odbccp32.lib kernel32.lib user32.lib gdi32.lib winspool.lib comdlg32.lib advapi32.lib shell32.lib ole32.lib oleaut32.lib uuid.lib odbc32.lib odbccp32.lib /MANIFEST /MANIFESTUAC:"level='asInvoker' uiAccess='false'" /manifest:embed /DEBUG /PDB:"C:\Dropbox\ARApplication\Release\ARApplication.pdb" /OPT:REF /OPT:ICF /LTCG /TLBID:1 /DYNAMICBASE /NXCOMPAT /IMPLIB:"C:\Dropbox\ARApplication\Release\ARApplication.lib" /MACHINE:X86 /SAFESEH Release\simpleTest.obj
     1>libARd.lib(arUtil.obj) : warning LNK4075: ignoring '/EDITANDCONTINUE' due to '/OPT:ICF' specification
     1>LINK : warning LNK4098: defaultlib 'LIBCMTD' conflicts with use of other libs; use /NODEFAULTLIB:library
         Generating code
         Finished generating code
     1>libARd.lib(arDetectMarker.obj) : warning LNK4099: PDB 'vc110.pdb' was not found with 'libARd.lib(arDetectMarker.obj)' or at 'C:\Dropbox\ARApplication\Release\vc110.pdb'; linking object as if no debug info
     1>libARd.lib(arDetectMarker2.obj) : warning LNK4099: PDB 'vc110.pdb' was not found with 'libARd.lib(arDetectMarker2.obj)' or at 'C:\Dropbox\ARApplication\Release\vc110.pdb'; linking object as if no debug info
     1>libARd.lib(arGetCode.obj) : warning LNK4099: PDB 'vc110.pdb' was not found with 'libARd.lib(arGetCode.obj)' or at 'C:\Dropbox\ARApplication\Release\vc110.pdb'; linking object as if no debug info
     1>libARd.lib(arGetMarkerInfo.obj) : warning LNK4099: PDB 'vc110.pdb' was not found with 'libARd.lib(arGetMarkerInfo.obj)' or at 'C:\Dropbox\ARApplication\Release\vc110.pdb'; linking object as if no debug info
     1>libARd.lib(arGetTransMat.obj) : warning LNK4099: PDB 'vc110.pdb' was not found with 'libARd.lib(arGetTransMat.obj)' or at 'C:\Dropbox\ARApplication\Release\vc110.pdb'; linking object as if no debug info
     1>libARd.lib(arGetTransMat2.obj) : warning LNK4099: PDB 'vc110.pdb' was not found with 'libARd.lib(arGetTransMat2.obj)' or at 'C:\Dropbox\ARApplication\Release\vc110.pdb'; linking object as if no debug info
     1>libARd.lib(arGetTransMat3.obj) : warning LNK4099: PDB 'vc110.pdb' was not found with 'libARd.lib(arGetTransMat3.obj)' or at 'C:\Dropbox\ARApplication\Release\vc110.pdb'; linking object as if no debug info
     1>libARd.lib(arLabeling.obj) : warning LNK4099: PDB 'vc110.pdb' was not found with 'libARd.lib(arLabeling.obj)' or at 'C:\Dropbox\ARApplication\Release\vc110.pdb'; linking object as if no debug info
     1>libARd.lib(arUtil.obj) : warning LNK4099: PDB 'vc110.pdb' was not found with 'libARd.lib(arUtil.obj)' or at 'C:\Dropbox\ARApplication\Release\vc110.pdb'; linking object as if no debug info
     1>libARd.lib(mAlloc.obj) : warning LNK4099: PDB 'vc110.pdb' was not found with 'libARd.lib(mAlloc.obj)' or at 'C:\Dropbox\ARApplication\Release\vc110.pdb'; linking object as if no debug info
     1>libARd.lib(mAllocDup.obj) : warning LNK4099: PDB 'vc110.pdb' was not found with 'libARd.lib(mAllocDup.obj)' or at 'C:\Dropbox\ARApplication\Release\vc110.pdb'; linking object as if no debug info
     1>libARd.lib(mAllocMul.obj) : warning LNK4099: PDB 'vc110.pdb' was not found with 'libARd.lib(mAllocMul.obj)' or at 'C:\Dropbox\ARApplication\Release\vc110.pdb'; linking object as if no debug info
     1>libARd.lib(mDup.obj) : warning LNK4099: PDB 'vc110.pdb' was not found with 'libARd.lib(mDup.obj)' or at 'C:\Dropbox\ARApplication\Release\vc110.pdb'; linking object as if no debug info
     1>libARd.lib(mFree.obj) : warning LNK4099: PDB 'vc110.pdb' was not found with 'libARd.lib(mFree.obj)' or at 'C:\Dropbox\ARApplication\Release\vc110.pdb'; linking object as if no debug info
     1>libARd.lib(mMul.obj) : warning LNK4099: PDB 'vc110.pdb' was not found with 'libARd.lib(mMul.obj)' or at 'C:\Dropbox\ARApplication\Release\vc110.pdb'; linking object as if no debug info
     1>libARd.lib(mPCA.obj) : warning LNK4099: PDB 'vc110.pdb' was not found with 'libARd.lib(mPCA.obj)' or at 'C:\Dropbox\ARApplication\Release\vc110.pdb'; linking object as if no debug info
     1>libARd.lib(mSelfInv.obj) : warning LNK4099: PDB 'vc110.pdb' was not found with 'libARd.lib(mSelfInv.obj)' or at 'C:\Dropbox\ARApplication\Release\vc110.pdb'; linking object as if no debug info
     1>libARd.lib(paramChangeSize.obj) : warning LNK4099: PDB 'vc110.pdb' was not found with 'libARd.lib(paramChangeSize.obj)' or at 'C:\Dropbox\ARApplication\Release\vc110.pdb'; linking object as if no debug info
     1>libARd.lib(paramDecomp.obj) : warning LNK4099: PDB 'vc110.pdb' was not found with 'libARd.lib(paramDecomp.obj)' or at 'C:\Dropbox\ARApplication\Release\vc110.pdb'; linking object as if no debug info
     1>libARd.lib(paramDisp.obj) : warning LNK4099: PDB 'vc110.pdb' was not found with 'libARd.lib(paramDisp.obj)' or at 'C:\Dropbox\ARApplication\Release\vc110.pdb'; linking object as if no debug info
     1>libARd.lib(paramDistortion.obj) : warning LNK4099: PDB 'vc110.pdb' was not found with 'libARd.lib(paramDistortion.obj)' or at 'C:\Dropbox\ARApplication\Release\vc110.pdb'; linking object as if no debug info
     1>libARd.lib(paramFile.obj) : warning LNK4099: PDB 'vc110.pdb' was not found with 'libARd.lib(paramFile.obj)' or at 'C:\Dropbox\ARApplication\Release\vc110.pdb'; linking object as if no debug info
     1>libARd.lib(vAlloc.obj) : warning LNK4099: PDB 'vc110.pdb' was not found with 'libARd.lib(vAlloc.obj)' or at 'C:\Dropbox\ARApplication\Release\vc110.pdb'; linking object as if no debug info
     1>libARd.lib(vFree.obj) : warning LNK4099: PDB 'vc110.pdb' was not found with 'libARd.lib(vFree.obj)' or at 'C:\Dropbox\ARApplication\Release\vc110.pdb'; linking object as if no debug info
     1>libARd.lib(vHouse.obj) : warning LNK4099: PDB 'vc110.pdb' was not found with 'libARd.lib(vHouse.obj)' or at 'C:\Dropbox\ARApplication\Release\vc110.pdb'; linking object as if no debug info
     1>libARd.lib(vInnerP.obj) : warning LNK4099: PDB 'vc110.pdb' was not found with 'libARd.lib(vInnerP.obj)' or at 'C:\Dropbox\ARApplication\Release\vc110.pdb'; linking object as if no debug info
     1>libARd.lib(vTridiag.obj) : warning LNK4099: PDB 'vc110.pdb' was not found with 'libARd.lib(vTridiag.obj)' or at 'C:\Dropbox\ARApplication\Release\vc110.pdb'; linking object as if no debug info
     1>libARgsubd.lib(gsub.obj) : warning LNK4099: PDB 'vc110.pdb' was not found with 'libARgsubd.lib(gsub.obj)' or at 'C:\Dropbox\ARApplication\Release\vc110.pdb'; linking object as if no debug info
         ARApplication.vcxproj -> C:\Dropbox\ARApplication\Release\ARApplication.exe
     1>Done Building Project "C:\Dropbox\ARApplication\ARApplication\ARApplication.vcxproj" (Build target(s)).

Build succeeded.

Time Elapsed 00:00:06.73
