Build started 05/02/2014 21:33:44.
     1>Project "I:\Downloads\diddles\ARToolKit-2.72.1-bin-win32\ARToolKit\lib\SRC\Gl\libARgsub.vcxproj" on node 3 (Rebuild target(s)).
     1>ClCompile:
         I:\Program Files\VisualStudio2012\VC\bin\CL.exe /c /I"I:\Downloads\diddles\ARToolKit-2.72.1-bin-win32\ARToolKit\lib\SRC\Gl\../../../include" /ZI /nologo /W3 /WX- /Od /Oy- /D WIN32 /D _DEBUG /Gm- /EHsc /RTC1 /MTd /GS /fp:precise /Zc:wchar_t /Zc:forScope /Fo"Debug\\" /Fd"Debug\vc110.pdb" /FR"Debug\\" /Gd /TC /analyze- /errorReport:prompt gsub.c
         gsub.c
     1>i:\downloads\diddles\artoolkit-2.72.1-bin-win32\artoolkit\lib\src\gl\gsub.c(129): warning C4244: '=' : conversion from 'double' to 'int', possible loss of data
     1>i:\downloads\diddles\artoolkit-2.72.1-bin-win32\artoolkit\lib\src\gl\gsub.c(130): warning C4244: '=' : conversion from 'double' to 'int', possible loss of data
     1>i:\downloads\diddles\artoolkit-2.72.1-bin-win32\artoolkit\lib\src\gl\gsub.c(136): warning C4244: '=' : conversion from 'double' to 'int', possible loss of data
     1>i:\downloads\diddles\artoolkit-2.72.1-bin-win32\artoolkit\lib\src\gl\gsub.c(137): warning C4244: '=' : conversion from 'double' to 'int', possible loss of data
     1>i:\downloads\diddles\artoolkit-2.72.1-bin-win32\artoolkit\lib\src\gl\gsub.c(403): warning C4244: '=' : conversion from 'double' to 'GLfloat', possible loss of data
     1>i:\downloads\diddles\artoolkit-2.72.1-bin-win32\artoolkit\lib\src\gl\gsub.c(405): warning C4244: '=' : conversion from 'double' to 'float', possible loss of data
     1>i:\downloads\diddles\artoolkit-2.72.1-bin-win32\artoolkit\lib\src\gl\gsub.c(408): warning C4244: '=' : conversion from 'double' to 'GLfloat', possible loss of data
     1>i:\downloads\diddles\artoolkit-2.72.1-bin-win32\artoolkit\lib\src\gl\gsub.c(409): warning C4244: '=' : conversion from 'int' to 'float', possible loss of data
     1>i:\downloads\diddles\artoolkit-2.72.1-bin-win32\artoolkit\lib\src\gl\gsub.c(410): warning C4244: '=' : conversion from 'double' to 'float', possible loss of data
     1>i:\downloads\diddles\artoolkit-2.72.1-bin-win32\artoolkit\lib\src\gl\gsub.c(413): warning C4244: '=' : conversion from 'double' to 'GLfloat', possible loss of data
     1>i:\downloads\diddles\artoolkit-2.72.1-bin-win32\artoolkit\lib\src\gl\gsub.c(414): warning C4244: '=' : conversion from 'int' to 'float', possible loss of data
     1>i:\downloads\diddles\artoolkit-2.72.1-bin-win32\artoolkit\lib\src\gl\gsub.c(415): warning C4244: '=' : conversion from 'double' to 'float', possible loss of data
     1>i:\downloads\diddles\artoolkit-2.72.1-bin-win32\artoolkit\lib\src\gl\gsub.c(1262): warning C4244: '=' : conversion from 'double' to 'GLfloat', possible loss of data
     1>i:\downloads\diddles\artoolkit-2.72.1-bin-win32\artoolkit\lib\src\gl\gsub.c(1264): warning C4244: '=' : conversion from 'double' to 'float', possible loss of data
     1>i:\downloads\diddles\artoolkit-2.72.1-bin-win32\artoolkit\lib\src\gl\gsub.c(1267): warning C4244: '=' : conversion from 'double' to 'GLfloat', possible loss of data
     1>i:\downloads\diddles\artoolkit-2.72.1-bin-win32\artoolkit\lib\src\gl\gsub.c(1268): warning C4244: '=' : conversion from 'int' to 'float', possible loss of data
     1>i:\downloads\diddles\artoolkit-2.72.1-bin-win32\artoolkit\lib\src\gl\gsub.c(1269): warning C4244: '=' : conversion from 'double' to 'float', possible loss of data
     1>i:\downloads\diddles\artoolkit-2.72.1-bin-win32\artoolkit\lib\src\gl\gsub.c(1272): warning C4244: '=' : conversion from 'double' to 'GLfloat', possible loss of data
     1>i:\downloads\diddles\artoolkit-2.72.1-bin-win32\artoolkit\lib\src\gl\gsub.c(1273): warning C4244: '=' : conversion from 'int' to 'float', possible loss of data
     1>i:\downloads\diddles\artoolkit-2.72.1-bin-win32\artoolkit\lib\src\gl\gsub.c(1274): warning C4244: '=' : conversion from 'double' to 'float', possible loss of data
     1>i:\downloads\diddles\artoolkit-2.72.1-bin-win32\artoolkit\lib\src\gl\gsub.c(1552): warning C4244: '=' : conversion from 'int' to 'float', possible loss of data
     1>i:\downloads\diddles\artoolkit-2.72.1-bin-win32\artoolkit\lib\src\gl\gsub.c(1554): warning C4244: 'function' : conversion from 'double' to 'GLfloat', possible loss of data
     1>i:\downloads\diddles\artoolkit-2.72.1-bin-win32\artoolkit\lib\src\gl\gsub.c(1555): warning C4244: 'function' : conversion from 'double' to 'GLfloat', possible loss of data
     1>i:\downloads\diddles\artoolkit-2.72.1-bin-win32\artoolkit\lib\src\gl\gsub.c(1559): warning C4244: '=' : conversion from 'int' to 'float', possible loss of data
     1>i:\downloads\diddles\artoolkit-2.72.1-bin-win32\artoolkit\lib\src\gl\gsub.c(1560): warning C4244: '=' : conversion from 'int' to 'float', possible loss of data
     1>i:\downloads\diddles\artoolkit-2.72.1-bin-win32\artoolkit\lib\src\gl\gsub.c(1562): warning C4244: 'function' : conversion from 'double' to 'GLfloat', possible loss of data
     1>i:\downloads\diddles\artoolkit-2.72.1-bin-win32\artoolkit\lib\src\gl\gsub.c(1563): warning C4244: 'function' : conversion from 'double' to 'GLfloat', possible loss of data
     1>i:\downloads\diddles\artoolkit-2.72.1-bin-win32\artoolkit\lib\src\gl\gsub.c(1575): warning C4244: '=' : conversion from 'int' to 'float', possible loss of data
     1>i:\downloads\diddles\artoolkit-2.72.1-bin-win32\artoolkit\lib\src\gl\gsub.c(1577): warning C4244: 'function' : conversion from 'double' to 'GLfloat', possible loss of data
     1>i:\downloads\diddles\artoolkit-2.72.1-bin-win32\artoolkit\lib\src\gl\gsub.c(1578): warning C4244: 'function' : conversion from 'double' to 'GLfloat', possible loss of data
     1>i:\downloads\diddles\artoolkit-2.72.1-bin-win32\artoolkit\lib\src\gl\gsub.c(1601): warning C4244: 'function' : conversion from 'int' to 'GLfloat', possible loss of data
     1>i:\downloads\diddles\artoolkit-2.72.1-bin-win32\artoolkit\lib\src\gl\gsub.c(1610): warning C4244: 'function' : conversion from 'int' to 'GLfloat', possible loss of data
     1>C:\Program Files (x86)\MSBuild\Microsoft.Cpp\v4.0\V110\Microsoft.CppBuild.targets(1299,5): warning MSB8012: TargetPath(I:\Downloads\diddles\ARToolKit-2.72.1-bin-win32\ARToolKit\lib\SRC\Gl\Debug\libARgsub.lib) does not match the Library's OutputFile property value (I:\Downloads\diddles\ARToolKit-2.72.1-bin-win32\ARToolKit\lib\libARgsubd.lib). This may cause your project to build incorrectly. To correct this, please make sure that $(OutDir), $(TargetName) and $(TargetExt) property values match the value specified in %(Lib.OutputFile).
     1>C:\Program Files (x86)\MSBuild\Microsoft.Cpp\v4.0\V110\Microsoft.CppBuild.targets(1301,5): warning MSB8012: TargetName(libARgsub) does not match the Library's OutputFile property value (libARgsubd). This may cause your project to build incorrectly. To correct this, please make sure that $(OutDir), $(TargetName) and $(TargetExt) property values match the value specified in %(Lib.OutputFile).
       Lib:
         I:\Program Files\VisualStudio2012\VC\bin\Lib.exe /OUT:"I:\Downloads\diddles\ARToolKit-2.72.1-bin-win32\ARToolKit\lib\SRC\Gl\..\..\libARgsubd.lib" /NOLOGO Debug\gsub.obj
         libARgsub.vcxproj -> I:\Downloads\diddles\ARToolKit-2.72.1-bin-win32\ARToolKit\lib\SRC\Gl\Debug\libARgsub.lib
       BscMake:
         I:\Program Files\VisualStudio2012\VC\bin\bscmake.exe /nologo /o"Debug\libARgsub.bsc" Debug\gsub.sbr
     1>Done Building Project "I:\Downloads\diddles\ARToolKit-2.72.1-bin-win32\ARToolKit\lib\SRC\Gl\libARgsub.vcxproj" (Rebuild target(s)).

Build succeeded.

Time Elapsed 00:00:02.73
