I:\DOWNLOADS\DIDDLES\ARTOOLKIT-2.72.1-BIN-WIN32\ARTOOLKIT\LIB\SRC\AR\DEBUG\LIBAR.BSC
I:\DOWNLOADS\DIDDLES\ARTOOLKIT-2.72.1-BIN-WIN32\ARTOOLKIT\LIB\SRC\AR\DEBUG\ARDETECTMARKER.SBR
I:\DOWNLOADS\DIDDLES\ARTOOLKIT-2.72.1-BIN-WIN32\ARTOOLKIT\LIB\SRC\AR\DEBUG\ARDETECTMARKER2.SBR
I:\DOWNLOADS\DIDDLES\ARTOOLKIT-2.72.1-BIN-WIN32\ARTOOLKIT\LIB\SRC\AR\DEBUG\ARGETCODE.SBR
I:\DOWNLOADS\DIDDLES\ARTOOLKIT-2.72.1-BIN-WIN32\ARTOOLKIT\LIB\SRC\AR\DEBUG\ARGETMARKERINFO.SBR
I:\DOWNLOADS\DIDDLES\ARTOOLKIT-2.72.1-BIN-WIN32\ARTOOLKIT\LIB\SRC\AR\DEBUG\ARGETTRANSMAT.SBR
I:\DOWNLOADS\DIDDLES\ARTOOLKIT-2.72.1-BIN-WIN32\ARTOOLKIT\LIB\SRC\AR\DEBUG\ARGETTRANSMAT2.SBR
I:\DOWNLOADS\DIDDLES\ARTOOLKIT-2.72.1-BIN-WIN32\ARTOOLKIT\LIB\SRC\AR\DEBUG\ARGETTRANSMAT3.SBR
I:\DOWNLOADS\DIDDLES\ARTOOLKIT-2.72.1-BIN-WIN32\ARTOOLKIT\LIB\SRC\AR\DEBUG\ARGETTRANSMATCONT.SBR
I:\DOWNLOADS\DIDDLES\ARTOOLKIT-2.72.1-BIN-WIN32\ARTOOLKIT\LIB\SRC\AR\DEBUG\ARLABELING.SBR
I:\DOWNLOADS\DIDDLES\ARTOOLKIT-2.72.1-BIN-WIN32\ARTOOLKIT\LIB\SRC\AR\DEBUG\ARUTIL.SBR
I:\DOWNLOADS\DIDDLES\ARTOOLKIT-2.72.1-BIN-WIN32\ARTOOLKIT\LIB\SRC\AR\DEBUG\MALLOC.SBR
I:\DOWNLOADS\DIDDLES\ARTOOLKIT-2.72.1-BIN-WIN32\ARTOOLKIT\LIB\SRC\AR\DEBUG\MALLOCDUP.SBR
I:\DOWNLOADS\DIDDLES\ARTOOLKIT-2.72.1-BIN-WIN32\ARTOOLKIT\LIB\SRC\AR\DEBUG\MALLOCINV.SBR
I:\DOWNLOADS\DIDDLES\ARTOOLKIT-2.72.1-BIN-WIN32\ARTOOLKIT\LIB\SRC\AR\DEBUG\MALLOCMUL.SBR
I:\DOWNLOADS\DIDDLES\ARTOOLKIT-2.72.1-BIN-WIN32\ARTOOLKIT\LIB\SRC\AR\DEBUG\MALLOCTRANS.SBR
I:\DOWNLOADS\DIDDLES\ARTOOLKIT-2.72.1-BIN-WIN32\ARTOOLKIT\LIB\SRC\AR\DEBUG\MALLOCUNIT.SBR
I:\DOWNLOADS\DIDDLES\ARTOOLKIT-2.72.1-BIN-WIN32\ARTOOLKIT\LIB\SRC\AR\DEBUG\MDET.SBR
I:\DOWNLOADS\DIDDLES\ARTOOLKIT-2.72.1-BIN-WIN32\ARTOOLKIT\LIB\SRC\AR\DEBUG\MDISP.SBR
I:\DOWNLOADS\DIDDLES\ARTOOLKIT-2.72.1-BIN-WIN32\ARTOOLKIT\LIB\SRC\AR\DEBUG\MDUP.SBR
I:\DOWNLOADS\DIDDLES\ARTOOLKIT-2.72.1-BIN-WIN32\ARTOOLKIT\LIB\SRC\AR\DEBUG\MFREE.SBR
I:\DOWNLOADS\DIDDLES\ARTOOLKIT-2.72.1-BIN-WIN32\ARTOOLKIT\LIB\SRC\AR\DEBUG\MFREE.OBJ
I:\DOWNLOADS\DIDDLES\ARTOOLKIT-2.72.1-BIN-WIN32\ARTOOLKIT\LIB\SRC\AR\DEBUG\MDUP.OBJ
I:\DOWNLOADS\DIDDLES\ARTOOLKIT-2.72.1-BIN-WIN32\ARTOOLKIT\LIB\SRC\AR\DEBUG\MDISP.OBJ
I:\DOWNLOADS\DIDDLES\ARTOOLKIT-2.72.1-BIN-WIN32\ARTOOLKIT\LIB\SRC\AR\DEBUG\MDET.OBJ
I:\DOWNLOADS\DIDDLES\ARTOOLKIT-2.72.1-BIN-WIN32\ARTOOLKIT\LIB\SRC\AR\DEBUG\MALLOCUNIT.OBJ
I:\DOWNLOADS\DIDDLES\ARTOOLKIT-2.72.1-BIN-WIN32\ARTOOLKIT\LIB\SRC\AR\DEBUG\MALLOCTRANS.OBJ
I:\DOWNLOADS\DIDDLES\ARTOOLKIT-2.72.1-BIN-WIN32\ARTOOLKIT\LIB\SRC\AR\DEBUG\MALLOCMUL.OBJ
I:\DOWNLOADS\DIDDLES\ARTOOLKIT-2.72.1-BIN-WIN32\ARTOOLKIT\LIB\SRC\AR\DEBUG\MALLOCINV.OBJ
I:\DOWNLOADS\DIDDLES\ARTOOLKIT-2.72.1-BIN-WIN32\ARTOOLKIT\LIB\SRC\AR\DEBUG\MALLOCDUP.OBJ
I:\DOWNLOADS\DIDDLES\ARTOOLKIT-2.72.1-BIN-WIN32\ARTOOLKIT\LIB\SRC\AR\DEBUG\MALLOC.OBJ
I:\DOWNLOADS\DIDDLES\ARTOOLKIT-2.72.1-BIN-WIN32\ARTOOLKIT\LIB\SRC\AR\DEBUG\ARUTIL.OBJ
I:\DOWNLOADS\DIDDLES\ARTOOLKIT-2.72.1-BIN-WIN32\ARTOOLKIT\LIB\SRC\AR\DEBUG\ARLABELING.OBJ
I:\DOWNLOADS\DIDDLES\ARTOOLKIT-2.72.1-BIN-WIN32\ARTOOLKIT\LIB\SRC\AR\DEBUG\ARGETTRANSMATCONT.OBJ
I:\DOWNLOADS\DIDDLES\ARTOOLKIT-2.72.1-BIN-WIN32\ARTOOLKIT\LIB\SRC\AR\DEBUG\ARGETTRANSMAT3.OBJ
I:\DOWNLOADS\DIDDLES\ARTOOLKIT-2.72.1-BIN-WIN32\ARTOOLKIT\LIB\SRC\AR\DEBUG\ARGETTRANSMAT2.OBJ
I:\DOWNLOADS\DIDDLES\ARTOOLKIT-2.72.1-BIN-WIN32\ARTOOLKIT\LIB\SRC\AR\DEBUG\ARGETTRANSMAT.OBJ
I:\DOWNLOADS\DIDDLES\ARTOOLKIT-2.72.1-BIN-WIN32\ARTOOLKIT\LIB\SRC\AR\DEBUG\ARGETMARKERINFO.OBJ
I:\DOWNLOADS\DIDDLES\ARTOOLKIT-2.72.1-BIN-WIN32\ARTOOLKIT\LIB\SRC\AR\DEBUG\ARGETCODE.OBJ
I:\DOWNLOADS\DIDDLES\ARTOOLKIT-2.72.1-BIN-WIN32\ARTOOLKIT\LIB\SRC\AR\DEBUG\ARDETECTMARKER2.OBJ
I:\DOWNLOADS\DIDDLES\ARTOOLKIT-2.72.1-BIN-WIN32\ARTOOLKIT\LIB\SRC\AR\DEBUG\ARDETECTMARKER.OBJ
I:\DOWNLOADS\DIDDLES\ARTOOLKIT-2.72.1-BIN-WIN32\ARTOOLKIT\LIB\SRC\AR\DEBUG\MINV.SBR
I:\DOWNLOADS\DIDDLES\ARTOOLKIT-2.72.1-BIN-WIN32\ARTOOLKIT\LIB\SRC\AR\DEBUG\MMUL.SBR
I:\DOWNLOADS\DIDDLES\ARTOOLKIT-2.72.1-BIN-WIN32\ARTOOLKIT\LIB\SRC\AR\DEBUG\MPCA.SBR
I:\DOWNLOADS\DIDDLES\ARTOOLKIT-2.72.1-BIN-WIN32\ARTOOLKIT\LIB\SRC\AR\DEBUG\MSELFINV.SBR
I:\DOWNLOADS\DIDDLES\ARTOOLKIT-2.72.1-BIN-WIN32\ARTOOLKIT\LIB\SRC\AR\DEBUG\MTRANS.SBR
I:\DOWNLOADS\DIDDLES\ARTOOLKIT-2.72.1-BIN-WIN32\ARTOOLKIT\LIB\SRC\AR\DEBUG\MUNIT.SBR
I:\DOWNLOADS\DIDDLES\ARTOOLKIT-2.72.1-BIN-WIN32\ARTOOLKIT\LIB\SRC\AR\DEBUG\PARAMCHANGESIZE.SBR
I:\DOWNLOADS\DIDDLES\ARTOOLKIT-2.72.1-BIN-WIN32\ARTOOLKIT\LIB\SRC\AR\DEBUG\PARAMDECOMP.SBR
I:\DOWNLOADS\DIDDLES\ARTOOLKIT-2.72.1-BIN-WIN32\ARTOOLKIT\LIB\SRC\AR\DEBUG\PARAMDISP.SBR
I:\DOWNLOADS\DIDDLES\ARTOOLKIT-2.72.1-BIN-WIN32\ARTOOLKIT\LIB\SRC\AR\DEBUG\PARAMDISTORTION.SBR
I:\DOWNLOADS\DIDDLES\ARTOOLKIT-2.72.1-BIN-WIN32\ARTOOLKIT\LIB\SRC\AR\DEBUG\PARAMFILE.SBR
I:\DOWNLOADS\DIDDLES\ARTOOLKIT-2.72.1-BIN-WIN32\ARTOOLKIT\LIB\SRC\AR\DEBUG\PARAMGET.SBR
I:\DOWNLOADS\DIDDLES\ARTOOLKIT-2.72.1-BIN-WIN32\ARTOOLKIT\LIB\SRC\AR\DEBUG\VALLOC.SBR
I:\DOWNLOADS\DIDDLES\ARTOOLKIT-2.72.1-BIN-WIN32\ARTOOLKIT\LIB\SRC\AR\DEBUG\VDISP.SBR
I:\DOWNLOADS\DIDDLES\ARTOOLKIT-2.72.1-BIN-WIN32\ARTOOLKIT\LIB\SRC\AR\DEBUG\VFREE.SBR
I:\DOWNLOADS\DIDDLES\ARTOOLKIT-2.72.1-BIN-WIN32\ARTOOLKIT\LIB\SRC\AR\DEBUG\VHOUSE.SBR
I:\DOWNLOADS\DIDDLES\ARTOOLKIT-2.72.1-BIN-WIN32\ARTOOLKIT\LIB\SRC\AR\DEBUG\VINNERP.SBR
I:\DOWNLOADS\DIDDLES\ARTOOLKIT-2.72.1-BIN-WIN32\ARTOOLKIT\LIB\SRC\AR\DEBUG\VTRIDIAG.SBR
I:\DOWNLOADS\DIDDLES\ARTOOLKIT-2.72.1-BIN-WIN32\ARTOOLKIT\LIB\SRC\AR\DEBUG\VTRIDIAG.OBJ
I:\DOWNLOADS\DIDDLES\ARTOOLKIT-2.72.1-BIN-WIN32\ARTOOLKIT\LIB\SRC\AR\DEBUG\VINNERP.OBJ
I:\DOWNLOADS\DIDDLES\ARTOOLKIT-2.72.1-BIN-WIN32\ARTOOLKIT\LIB\SRC\AR\DEBUG\VHOUSE.OBJ
I:\DOWNLOADS\DIDDLES\ARTOOLKIT-2.72.1-BIN-WIN32\ARTOOLKIT\LIB\SRC\AR\DEBUG\VFREE.OBJ
I:\DOWNLOADS\DIDDLES\ARTOOLKIT-2.72.1-BIN-WIN32\ARTOOLKIT\LIB\SRC\AR\DEBUG\VDISP.OBJ
I:\DOWNLOADS\DIDDLES\ARTOOLKIT-2.72.1-BIN-WIN32\ARTOOLKIT\LIB\SRC\AR\DEBUG\VALLOC.OBJ
I:\DOWNLOADS\DIDDLES\ARTOOLKIT-2.72.1-BIN-WIN32\ARTOOLKIT\LIB\SRC\AR\DEBUG\PARAMGET.OBJ
I:\DOWNLOADS\DIDDLES\ARTOOLKIT-2.72.1-BIN-WIN32\ARTOOLKIT\LIB\SRC\AR\DEBUG\PARAMFILE.OBJ
I:\DOWNLOADS\DIDDLES\ARTOOLKIT-2.72.1-BIN-WIN32\ARTOOLKIT\LIB\SRC\AR\DEBUG\PARAMDISTORTION.OBJ
I:\DOWNLOADS\DIDDLES\ARTOOLKIT-2.72.1-BIN-WIN32\ARTOOLKIT\LIB\SRC\AR\DEBUG\PARAMDISP.OBJ
I:\DOWNLOADS\DIDDLES\ARTOOLKIT-2.72.1-BIN-WIN32\ARTOOLKIT\LIB\SRC\AR\DEBUG\PARAMDECOMP.OBJ
I:\DOWNLOADS\DIDDLES\ARTOOLKIT-2.72.1-BIN-WIN32\ARTOOLKIT\LIB\SRC\AR\DEBUG\PARAMCHANGESIZE.OBJ
I:\DOWNLOADS\DIDDLES\ARTOOLKIT-2.72.1-BIN-WIN32\ARTOOLKIT\LIB\SRC\AR\DEBUG\MUNIT.OBJ
I:\DOWNLOADS\DIDDLES\ARTOOLKIT-2.72.1-BIN-WIN32\ARTOOLKIT\LIB\SRC\AR\DEBUG\MTRANS.OBJ
I:\DOWNLOADS\DIDDLES\ARTOOLKIT-2.72.1-BIN-WIN32\ARTOOLKIT\LIB\SRC\AR\DEBUG\MSELFINV.OBJ
I:\DOWNLOADS\DIDDLES\ARTOOLKIT-2.72.1-BIN-WIN32\ARTOOLKIT\LIB\SRC\AR\DEBUG\MPCA.OBJ
I:\DOWNLOADS\DIDDLES\ARTOOLKIT-2.72.1-BIN-WIN32\ARTOOLKIT\LIB\SRC\AR\DEBUG\MMUL.OBJ
I:\DOWNLOADS\DIDDLES\ARTOOLKIT-2.72.1-BIN-WIN32\ARTOOLKIT\LIB\SRC\AR\DEBUG\MINV.OBJ
I:\DOWNLOADS\DIDDLES\ARTOOLKIT-2.72.1-BIN-WIN32\ARTOOLKIT\LIB\SRC\AR\DEBUG\VC110.PDB
I:\DOWNLOADS\DIDDLES\ARTOOLKIT-2.72.1-BIN-WIN32\ARTOOLKIT\LIB\LIBARD.LIB
I:\Downloads\diddles\ARToolKit-2.72.1-bin-win32\ARToolKit\lib\SRC\AR\Debug\arDetectMarker.obj
I:\Downloads\diddles\ARToolKit-2.72.1-bin-win32\ARToolKit\lib\SRC\AR\Debug\arDetectMarker2.obj
I:\Downloads\diddles\ARToolKit-2.72.1-bin-win32\ARToolKit\lib\SRC\AR\Debug\arGetCode.obj
I:\Downloads\diddles\ARToolKit-2.72.1-bin-win32\ARToolKit\lib\SRC\AR\Debug\arGetMarkerInfo.obj
I:\Downloads\diddles\ARToolKit-2.72.1-bin-win32\ARToolKit\lib\SRC\AR\Debug\arGetTransMat.obj
I:\Downloads\diddles\ARToolKit-2.72.1-bin-win32\ARToolKit\lib\SRC\AR\Debug\arGetTransMat2.obj
I:\Downloads\diddles\ARToolKit-2.72.1-bin-win32\ARToolKit\lib\SRC\AR\Debug\arGetTransMat3.obj
I:\Downloads\diddles\ARToolKit-2.72.1-bin-win32\ARToolKit\lib\SRC\AR\Debug\arGetTransMatCont.obj
I:\Downloads\diddles\ARToolKit-2.72.1-bin-win32\ARToolKit\lib\SRC\AR\Debug\arLabeling.obj
I:\Downloads\diddles\ARToolKit-2.72.1-bin-win32\ARToolKit\lib\SRC\AR\Debug\arUtil.obj
I:\Downloads\diddles\ARToolKit-2.72.1-bin-win32\ARToolKit\lib\SRC\AR\Debug\mAlloc.obj
I:\Downloads\diddles\ARToolKit-2.72.1-bin-win32\ARToolKit\lib\SRC\AR\Debug\mAllocDup.obj
I:\Downloads\diddles\ARToolKit-2.72.1-bin-win32\ARToolKit\lib\SRC\AR\Debug\mAllocInv.obj
I:\Downloads\diddles\ARToolKit-2.72.1-bin-win32\ARToolKit\lib\SRC\AR\Debug\mAllocMul.obj
I:\Downloads\diddles\ARToolKit-2.72.1-bin-win32\ARToolKit\lib\SRC\AR\Debug\mAllocTrans.obj
I:\Downloads\diddles\ARToolKit-2.72.1-bin-win32\ARToolKit\lib\SRC\AR\Debug\mAllocUnit.obj
I:\Downloads\diddles\ARToolKit-2.72.1-bin-win32\ARToolKit\lib\SRC\AR\Debug\mDet.obj
I:\Downloads\diddles\ARToolKit-2.72.1-bin-win32\ARToolKit\lib\SRC\AR\Debug\mDisp.obj
I:\Downloads\diddles\ARToolKit-2.72.1-bin-win32\ARToolKit\lib\SRC\AR\Debug\mDup.obj
I:\Downloads\diddles\ARToolKit-2.72.1-bin-win32\ARToolKit\lib\SRC\AR\Debug\mFree.obj
I:\Downloads\diddles\ARToolKit-2.72.1-bin-win32\ARToolKit\lib\SRC\AR\Debug\mInv.obj
I:\Downloads\diddles\ARToolKit-2.72.1-bin-win32\ARToolKit\lib\SRC\AR\Debug\mMul.obj
I:\Downloads\diddles\ARToolKit-2.72.1-bin-win32\ARToolKit\lib\SRC\AR\Debug\mPCA.obj
I:\Downloads\diddles\ARToolKit-2.72.1-bin-win32\ARToolKit\lib\SRC\AR\Debug\mSelfInv.obj
I:\Downloads\diddles\ARToolKit-2.72.1-bin-win32\ARToolKit\lib\SRC\AR\Debug\mTrans.obj
I:\Downloads\diddles\ARToolKit-2.72.1-bin-win32\ARToolKit\lib\SRC\AR\Debug\mUnit.obj
I:\Downloads\diddles\ARToolKit-2.72.1-bin-win32\ARToolKit\lib\SRC\AR\Debug\paramChangeSize.obj
I:\Downloads\diddles\ARToolKit-2.72.1-bin-win32\ARToolKit\lib\SRC\AR\Debug\paramDecomp.obj
I:\Downloads\diddles\ARToolKit-2.72.1-bin-win32\ARToolKit\lib\SRC\AR\Debug\paramDisp.obj
I:\Downloads\diddles\ARToolKit-2.72.1-bin-win32\ARToolKit\lib\SRC\AR\Debug\paramDistortion.obj
I:\Downloads\diddles\ARToolKit-2.72.1-bin-win32\ARToolKit\lib\SRC\AR\Debug\paramFile.obj
I:\Downloads\diddles\ARToolKit-2.72.1-bin-win32\ARToolKit\lib\SRC\AR\Debug\paramGet.obj
I:\Downloads\diddles\ARToolKit-2.72.1-bin-win32\ARToolKit\lib\SRC\AR\Debug\vAlloc.obj
I:\Downloads\diddles\ARToolKit-2.72.1-bin-win32\ARToolKit\lib\SRC\AR\Debug\vDisp.obj
I:\Downloads\diddles\ARToolKit-2.72.1-bin-win32\ARToolKit\lib\SRC\AR\Debug\vFree.obj
I:\Downloads\diddles\ARToolKit-2.72.1-bin-win32\ARToolKit\lib\SRC\AR\Debug\vHouse.obj
I:\Downloads\diddles\ARToolKit-2.72.1-bin-win32\ARToolKit\lib\SRC\AR\Debug\vInnerP.obj
I:\Downloads\diddles\ARToolKit-2.72.1-bin-win32\ARToolKit\lib\SRC\AR\Debug\vTridiag.obj
I:\Downloads\diddles\ARToolKit-2.72.1-bin-win32\ARToolKit\lib\SRC\AR\Debug\BscMake.command.1.tlog
I:\Downloads\diddles\ARToolKit-2.72.1-bin-win32\ARToolKit\lib\SRC\AR\Debug\bscmake.read.1.tlog
I:\Downloads\diddles\ARToolKit-2.72.1-bin-win32\ARToolKit\lib\SRC\AR\Debug\bscmake.write.1.tlog
I:\Downloads\diddles\ARToolKit-2.72.1-bin-win32\ARToolKit\lib\SRC\AR\Debug\cl.command.1.tlog
I:\Downloads\diddles\ARToolKit-2.72.1-bin-win32\ARToolKit\lib\SRC\AR\Debug\CL.read.1.tlog
I:\Downloads\diddles\ARToolKit-2.72.1-bin-win32\ARToolKit\lib\SRC\AR\Debug\CL.write.1.tlog
I:\Downloads\diddles\ARToolKit-2.72.1-bin-win32\ARToolKit\lib\SRC\AR\Debug\Lib-link.read.1.tlog
I:\Downloads\diddles\ARToolKit-2.72.1-bin-win32\ARToolKit\lib\SRC\AR\Debug\Lib-link.write.1.tlog
I:\Downloads\diddles\ARToolKit-2.72.1-bin-win32\ARToolKit\lib\SRC\AR\Debug\lib.command.1.tlog
I:\Downloads\diddles\ARToolKit-2.72.1-bin-win32\ARToolKit\lib\SRC\AR\Debug\vc110.idb
I:\Downloads\diddles\ARToolKit-2.72.1-bin-win32\ARToolKit\lib\SRC\AR\Debug\vc110.pdb
I:\Downloads\diddles\ARToolKit-2.72.1-bin-win32\ARToolKit\lib\SRC\AR\Debug\libAR.bsc
I:\Downloads\diddles\ARToolKit-2.72.1-bin-win32\ARToolKit\lib\SRC\AR\Debug\arDetectMarker.sbr
I:\Downloads\diddles\ARToolKit-2.72.1-bin-win32\ARToolKit\lib\SRC\AR\Debug\arDetectMarker2.sbr
I:\Downloads\diddles\ARToolKit-2.72.1-bin-win32\ARToolKit\lib\SRC\AR\Debug\arGetCode.sbr
I:\Downloads\diddles\ARToolKit-2.72.1-bin-win32\ARToolKit\lib\SRC\AR\Debug\arGetMarkerInfo.sbr
I:\Downloads\diddles\ARToolKit-2.72.1-bin-win32\ARToolKit\lib\SRC\AR\Debug\arGetTransMat.sbr
I:\Downloads\diddles\ARToolKit-2.72.1-bin-win32\ARToolKit\lib\SRC\AR\Debug\arGetTransMat2.sbr
I:\Downloads\diddles\ARToolKit-2.72.1-bin-win32\ARToolKit\lib\SRC\AR\Debug\arGetTransMat3.sbr
I:\Downloads\diddles\ARToolKit-2.72.1-bin-win32\ARToolKit\lib\SRC\AR\Debug\arGetTransMatCont.sbr
I:\Downloads\diddles\ARToolKit-2.72.1-bin-win32\ARToolKit\lib\SRC\AR\Debug\arLabeling.sbr
I:\Downloads\diddles\ARToolKit-2.72.1-bin-win32\ARToolKit\lib\SRC\AR\Debug\arUtil.sbr
I:\Downloads\diddles\ARToolKit-2.72.1-bin-win32\ARToolKit\lib\SRC\AR\Debug\mAlloc.sbr
I:\Downloads\diddles\ARToolKit-2.72.1-bin-win32\ARToolKit\lib\SRC\AR\Debug\mAllocDup.sbr
I:\Downloads\diddles\ARToolKit-2.72.1-bin-win32\ARToolKit\lib\SRC\AR\Debug\mAllocInv.sbr
I:\Downloads\diddles\ARToolKit-2.72.1-bin-win32\ARToolKit\lib\SRC\AR\Debug\mAllocMul.sbr
I:\Downloads\diddles\ARToolKit-2.72.1-bin-win32\ARToolKit\lib\SRC\AR\Debug\mAllocTrans.sbr
I:\Downloads\diddles\ARToolKit-2.72.1-bin-win32\ARToolKit\lib\SRC\AR\Debug\mAllocUnit.sbr
I:\Downloads\diddles\ARToolKit-2.72.1-bin-win32\ARToolKit\lib\SRC\AR\Debug\mDet.sbr
I:\Downloads\diddles\ARToolKit-2.72.1-bin-win32\ARToolKit\lib\SRC\AR\Debug\mDisp.sbr
I:\Downloads\diddles\ARToolKit-2.72.1-bin-win32\ARToolKit\lib\SRC\AR\Debug\mDup.sbr
I:\Downloads\diddles\ARToolKit-2.72.1-bin-win32\ARToolKit\lib\SRC\AR\Debug\mFree.sbr
I:\Downloads\diddles\ARToolKit-2.72.1-bin-win32\ARToolKit\lib\SRC\AR\Debug\mInv.sbr
I:\Downloads\diddles\ARToolKit-2.72.1-bin-win32\ARToolKit\lib\SRC\AR\Debug\mMul.sbr
I:\Downloads\diddles\ARToolKit-2.72.1-bin-win32\ARToolKit\lib\SRC\AR\Debug\mPCA.sbr
I:\Downloads\diddles\ARToolKit-2.72.1-bin-win32\ARToolKit\lib\SRC\AR\Debug\mSelfInv.sbr
I:\Downloads\diddles\ARToolKit-2.72.1-bin-win32\ARToolKit\lib\SRC\AR\Debug\mTrans.sbr
I:\Downloads\diddles\ARToolKit-2.72.1-bin-win32\ARToolKit\lib\SRC\AR\Debug\mUnit.sbr
I:\Downloads\diddles\ARToolKit-2.72.1-bin-win32\ARToolKit\lib\SRC\AR\Debug\paramChangeSize.sbr
I:\Downloads\diddles\ARToolKit-2.72.1-bin-win32\ARToolKit\lib\SRC\AR\Debug\paramDecomp.sbr
I:\Downloads\diddles\ARToolKit-2.72.1-bin-win32\ARToolKit\lib\SRC\AR\Debug\paramDisp.sbr
I:\Downloads\diddles\ARToolKit-2.72.1-bin-win32\ARToolKit\lib\SRC\AR\Debug\paramDistortion.sbr
I:\Downloads\diddles\ARToolKit-2.72.1-bin-win32\ARToolKit\lib\SRC\AR\Debug\paramFile.sbr
I:\Downloads\diddles\ARToolKit-2.72.1-bin-win32\ARToolKit\lib\SRC\AR\Debug\paramGet.sbr
I:\Downloads\diddles\ARToolKit-2.72.1-bin-win32\ARToolKit\lib\SRC\AR\Debug\vAlloc.sbr
I:\Downloads\diddles\ARToolKit-2.72.1-bin-win32\ARToolKit\lib\SRC\AR\Debug\vDisp.sbr
I:\Downloads\diddles\ARToolKit-2.72.1-bin-win32\ARToolKit\lib\SRC\AR\Debug\vFree.sbr
I:\Downloads\diddles\ARToolKit-2.72.1-bin-win32\ARToolKit\lib\SRC\AR\Debug\vHouse.sbr
I:\Downloads\diddles\ARToolKit-2.72.1-bin-win32\ARToolKit\lib\SRC\AR\Debug\vInnerP.sbr
I:\Downloads\diddles\ARToolKit-2.72.1-bin-win32\ARToolKit\lib\SRC\AR\Debug\vTridiag.sbr
